<?xml version="1.0" encoding="UTF-8"?>
<testng-results ignored="0" total="1" passed="1" failed="0" skipped="0">
  <reporter-output>
  </reporter-output>
  <suite started-at="2021-12-23T07:38:19 IST" name="Default suite" finished-at="2021-12-23T07:38:19 IST" duration-ms="51">
    <groups>
    </groups>
    <test started-at="2021-12-23T07:38:19 IST" name="Default test" finished-at="2021-12-23T07:38:19 IST" duration-ms="51">
      <class name="scripts.Demo">
        <test-method signature="testA()[pri:0, instance:scripts.Demo@7722c3c3]" started-at="2021-12-23T07:38:19 IST" name="testA" finished-at="2021-12-23T07:38:19 IST" duration-ms="8" status="PASS">
          <reporter-output>
          </reporter-output>
        </test-method> <!-- testA -->
      </class> <!-- scripts.Demo -->
    </test> <!-- Default test -->
  </suite> <!-- Default suite -->
</testng-results>
